composeApp/build/intermediates/manifest_merge_blame_file/debug/processDebugMainManifest/manifest-merger-blame-debug-report.txt
1<?xml version="1.0" encoding="utf-8"?>
2<manifest xmlns:android="http://schemas.android.com/apk/res/android"
3    package="org.example"
4    android:versionCode="1"
5    android:versionName="1.0" >
6
7    <uses-sdk
8        android:minSdkVersion="29"
9        android:targetSdkVersion="36" />
10
11    <uses-permission android:name="android.permission.READ_EXTERNAL_STORAGE" />
11-->src\androidMain\AndroidManifest.xml:3:5-80
11-->src\androidMain\AndroidManifest.xml:3:22-77
12    <uses-permission android:name="android.permission.READ_MEDIA_IMAGES" />
12-->src\androidMain\AndroidManifest.xml:4:5-76
12-->src\androidMain\AndroidManifest.xml:4:22-73
13
14    <permission
14-->[androidx.core:core:1.16.0] AndroidManifest.xml:22:5-24:47
15        android:name="org.example.DYNAMIC_RECEIVER_NOT_EXPORTED_PERMISSION"
15-->[androidx.core:core:1.16.0] AndroidManifest.xml:23:9-81
16        android:protectionLevel="signature" />
16-->[androidx.core:core:1.16.0] AndroidManifest.xml:24:9-44
17
18    <uses-permission android:name="org.example.DYNAMIC_RECEIVER_NOT_EXPORTED_PERMISSION" />
18-->[androidx.core:core:1.16.0] AndroidManifest.xml:26:5-97
18-->[androidx.core:core:1.16.0] AndroidManifest.xml:26:22-94
19
20    <application
20-->src\androidMain\AndroidManifest.xml:5:5-24:19
21        android:name="com.example.ColorHelperApplication"
21-->src\androidMain\AndroidManifest.xml:6:9-58
22        android:allowBackup="true"
22-->src\androidMain\AndroidManifest.xml:7:9-35
23        android:appComponentFactory="androidx.core.app.CoreComponentFactory"
23-->[androidx.core:core:1.16.0] AndroidManifest.xml:28:18-86
24        android:debuggable="true"
25        android:extractNativeLibs="false"
26        android:icon="@mipmap/ic_launcher"
26-->src\androidMain\AndroidManifest.xml:8:9-43
27        android:label="@string/app_name"
27-->src\androidMain\AndroidManifest.xml:9:9-41
28        android:roundIcon="@mipmap/ic_launcher_round"
28-->src\androidMain\AndroidManifest.xml:10:9-54
29        android:supportsRtl="true"
29-->src\androidMain\AndroidManifest.xml:11:9-35
30        android:testOnly="true"
31        android:theme="@android:style/Theme.Material.Light.NoActionBar" >
31-->src\androidMain\AndroidManifest.xml:12:9-72
32        <activity
32-->src\androidMain\AndroidManifest.xml:14:9-23:20
33            android:name="com.example.MainActivity"
33-->src\androidMain\AndroidManifest.xml:17:13-52
34            android:configChanges="orientation|screenSize|screenLayout|keyboardHidden|mnc|colorMode|density|fontScale|fontWeightAdjustment|keyboard|layoutDirection|locale|mcc|navigation|smallestScreenSize|touchscreen|uiMode"
34-->src\androidMain\AndroidManifest.xml:16:13-225
35            android:exported="true" >
35-->src\androidMain\AndroidManifest.xml:15:13-36
36            <intent-filter>
36-->src\androidMain\AndroidManifest.xml:18:13-22:29
37                <action android:name="android.intent.action.MAIN" />
37-->src\androidMain\AndroidManifest.xml:19:17-69
37-->src\androidMain\AndroidManifest.xml:19:25-66
38
39                <category android:name="android.intent.category.LAUNCHER" />
39-->src\androidMain\AndroidManifest.xml:21:17-77
39-->src\androidMain\AndroidManifest.xml:21:27-74
40            </intent-filter>
41        </activity>
42
43        <provider
43-->[org.jetbrains.compose.components:components-resources-android:1.9.3] AndroidManifest.xml:8:9-13:20
44            android:name="org.jetbrains.compose.resources.AndroidContextProvider"
44-->[org.jetbrains.compose.components:components-resources-android:1.9.3] AndroidManifest.xml:9:13-82
45            android:authorities="org.example.resources.AndroidContextProvider"
45-->[org.jetbrains.compose.components:components-resources-android:1.9.3] AndroidManifest.xml:10:13-84
46            android:enabled="true"
46-->[org.jetbrains.compose.components:components-resources-android:1.9.3] AndroidManifest.xml:11:13-35
47            android:exported="false" >
47-->[org.jetbrains.compose.components:components-resources-android:1.9.3] AndroidManifest.xml:12:13-37
48        </provider>
49        <provider
49-->[androidx.emoji2:emoji2:1.4.0] AndroidManifest.xml:24:9-32:20
50            android:name="androidx.startup.InitializationProvider"
50-->[androidx.emoji2:emoji2:1.4.0] AndroidManifest.xml:25:13-67
51            android:authorities="org.example.androidx-startup"
51-->[androidx.emoji2:emoji2:1.4.0] AndroidManifest.xml:26:13-68
52            android:exported="false" >
52-->[androidx.emoji2:emoji2:1.4.0] AndroidManifest.xml:27:13-37
53            <meta-data
53-->[androidx.emoji2:emoji2:1.4.0] AndroidManifest.xml:29:13-31:52
54                android:name="androidx.emoji2.text.EmojiCompatInitializer"
54-->[androidx.emoji2:emoji2:1.4.0] AndroidManifest.xml:30:17-75
55                android:value="androidx.startup" />
55-->[androidx.emoji2:emoji2:1.4.0] AndroidManifest.xml:31:17-49
56            <meta-data
56-->[androidx.lifecycle:lifecycle-process:2.9.4] AndroidManifest.xml:29:13-31:52
57                android:name="androidx.lifecycle.ProcessLifecycleInitializer"
57-->[androidx.lifecycle:lifecycle-process:2.9.4] AndroidManifest.xml:30:17-78
58                android:value="androidx.startup" />
58-->[androidx.lifecycle:lifecycle-process:2.9.4] AndroidManifest.xml:31:17-49
59            <meta-data
59-->[androidx.profileinstaller:profileinstaller:1.4.1] AndroidManifest.xml:29:13-31:52
60                android:name="androidx.profileinstaller.ProfileInstallerInitializer"
60-->[androidx.profileinstaller:profileinstaller:1.4.1] AndroidManifest.xml:30:17-85
61                android:value="androidx.startup" />
61-->[androidx.profileinstaller:profileinstaller:1.4.1] AndroidManifest.xml:31:17-49
62        </provider>
63
64        <uses-library
64-->[androidx.window:window:1.4.0] AndroidManifest.xml:23:9-25:40
65            android:name="androidx.window.extensions"
65-->[androidx.window:window:1.4.0] AndroidManifest.xml:24:13-54
66            android:required="false" />
66-->[androidx.window:window:1.4.0] AndroidManifest.xml:25:13-37
67        <uses-library
67-->[androidx.window:window:1.4.0] AndroidManifest.xml:26:9-28:40
68            android:name="androidx.window.sidecar"
68-->[androidx.window:window:1.4.0] AndroidManifest.xml:27:13-51
69            android:required="false" />
69-->[androidx.window:window:1.4.0] AndroidManifest.xml:28:13-37
70
71        <service
71-->[androidx.room:room-runtime-android:2.8.4] AndroidManifest.xml:24:9-28:63
72            android:name="androidx.room.MultiInstanceInvalidationService"
72-->[androidx.room:room-runtime-android:2.8.4] AndroidManifest.xml:25:13-74
73            android:directBootAware="true"
73-->[androidx.room:room-runtime-android:2.8.4] AndroidManifest.xml:26:13-43
74            android:exported="false" />
74-->[androidx.room:room-runtime-android:2.8.4] AndroidManifest.xml:27:13-37
75
76        <receiver
76-->[androidx.profileinstaller:profileinstaller:1.4.1] AndroidManifest.xml:34:9-52:20
77            android:name="androidx.profileinstaller.ProfileInstallReceiver"
77-->[androidx.profileinstaller:profileinstaller:1.4.1] AndroidManifest.xml:35:13-76
78            android:directBootAware="false"
78-->[androidx.profileinstaller:profileinstaller:1.4.1] AndroidManifest.xml:36:13-44
79            android:enabled="true"
79-->[androidx.profileinstaller:profileinstaller:1.4.1] AndroidManifest.xml:37:13-35
80            android:exported="true"
80-->[androidx.profileinstaller:profileinstaller:1.4.1] AndroidManifest.xml:38:13-36
81            android:permission="android.permission.DUMP" >
81-->[androidx.profileinstaller:profileinstaller:1.4.1] AndroidManifest.xml:39:13-57
82            <intent-filter>
82-->[androidx.profileinstaller:profileinstaller:1.4.1] AndroidManifest.xml:40:13-42:29
83                <action android:name="androidx.profileinstaller.action.INSTALL_PROFILE" />
83-->[androidx.profileinstaller:profileinstaller:1.4.1] AndroidManifest.xml:41:17-91
83-->[androidx.profileinstaller:profileinstaller:1.4.1] AndroidManifest.xml:41:25-88
84            </intent-filter>
85            <intent-filter>
85-->[androidx.profileinstaller:profileinstaller:1.4.1] AndroidManifest.xml:43:13-45:29
86                <action android:name="androidx.profileinstaller.action.SKIP_FILE" />
86-->[androidx.profileinstaller:profileinstaller:1.4.1] AndroidManifest.xml:44:17-85
86-->[androidx.profileinstaller:profileinstaller:1.4.1] AndroidManifest.xml:44:25-82
87            </intent-filter>
88            <intent-filter>
88-->[androidx.profileinstaller:profileinstaller:1.4.1] AndroidManifest.xml:46:13-48:29
89                <action android:name="androidx.profileinstaller.action.SAVE_PROFILE" />
89-->[androidx.profileinstaller:profileinstaller:1.4.1] AndroidManifest.xml:47:17-88
89-->[androidx.profileinstaller:profileinstaller:1.4.1] AndroidManifest.xml:47:25-85
90            </intent-filter>
91            <intent-filter>
91-->[androidx.profileinstaller:profileinstaller:1.4.1] AndroidManifest.xml:49:13-51:29
92                <action android:name="androidx.profileinstaller.action.BENCHMARK_OPERATION" />
92-->[androidx.profileinstaller:profileinstaller:1.4.1] AndroidManifest.xml:50:17-95
92-->[androidx.profileinstaller:profileinstaller:1.4.1] AndroidManifest.xml:50:25-92
93            </intent-filter>
94        </receiver>
95    </application>
96
97</manifest>